<?xml version="1.0" encoding="UTF-8"?>
<testng-results skipped="0" failed="0" total="1" passed="1">
  <reporter-output>
  </reporter-output>
  <suite name="Suite" duration-ms="94" started-at="2016-10-12T09:48:43Z" finished-at="2016-10-12T09:48:43Z">
    <groups>
    </groups>
    <test name="Test" duration-ms="94" started-at="2016-10-12T09:48:43Z" finished-at="2016-10-12T09:48:43Z">
      <class name="com.glx.Ambuj.DemoTest">
        <test-method status="PASS" signature="jenkinstest()[pri:0, instance:com.glx.Ambuj.DemoTest@56ef9176]" name="jenkinstest" duration-ms="31" started-at="2016-10-12T15:18:43Z" finished-at="2016-10-12T15:18:43Z">
          <reporter-output>
          </reporter-output>
        </test-method> <!-- jenkinstest -->
      </class> <!-- com.glx.Ambuj.DemoTest -->
    </test> <!-- Test -->
  </suite> <!-- Suite -->
</testng-results>
